[35m[1mScanning dependencies of target talker2[0m
[ 33%] Built target listener
[ 66%] Built target talker1
[ 83%] [32mBuilding CXX object CMakeFiles/talker2.dir/src/publisher-2.cpp.o[0m
[01m[K/home/danscarryus/InternRos2/MagangBayu24-ROS2/tugas2/src/pubs_and_subs/src/publisher-2.cpp:[m[K In function â€˜[01m[Kint main(int, char**)[m[Kâ€™:
[01m[K/home/danscarryus/InternRos2/MagangBayu24-ROS2/tugas2/src/pubs_and_subs/src/publisher-2.cpp:48:38:[m[K [01;31m[Kerror: [m[Kuse of â€˜[01m[Ksubscriber[m[Kâ€™ before deduction of â€˜[01m[Kauto[m[Kâ€™
   48 |   auto subscriber = std::make_shared<[01;31m[Ksubscriber[m[K>();
      |                                      [01;31m[K^~~~~~~~~~[m[K
[01m[K/home/danscarryus/InternRos2/MagangBayu24-ROS2/tugas2/src/pubs_and_subs/src/publisher-2.cpp:48:38:[m[K [01;31m[Kerror: [m[Kuse of â€˜[01m[Ksubscriber[m[Kâ€™ before deduction of â€˜[01m[Kauto[m[Kâ€™
[01m[K/home/danscarryus/InternRos2/MagangBayu24-ROS2/tugas2/src/pubs_and_subs/src/publisher-2.cpp:48:38:[m[K [01;31m[Kerror: [m[Kuse of â€˜[01m[Ksubscriber[m[Kâ€™ before deduction of â€˜[01m[Kauto[m[Kâ€™
[01m[K/home/danscarryus/InternRos2/MagangBayu24-ROS2/tugas2/src/pubs_and_subs/src/publisher-2.cpp:48:50:[m[K [01;31m[Kerror: [m[Kno matching function for call to â€˜[01m[Kmake_shared<<expression error> >()[m[Kâ€™
   48 |   auto subscriber = std::make_shared<subscriber>([01;31m[K)[m[K;
      |                                                  [01;31m[K^[m[K
In file included from [01m[K/usr/include/c++/9/memory:81[m[K,
                 from [01m[K/home/danscarryus/InternRos2/MagangBayu24-ROS2/tugas2/src/pubs_and_subs/src/publisher-2.cpp:2[m[K:
[01m[K/usr/include/c++/9/bits/shared_ptr.h:714:5:[m[K [01;36m[Knote: [m[Kcandidate: â€˜[01m[Ktemplate<class _Tp, class ... _Args> std::shared_ptr<_Tp> std::make_shared(_Args&& ...)[m[Kâ€™
  714 |     [01;36m[Kmake_shared[m[K(_Args&&... __args)
      |     [01;36m[K^~~~~~~~~~~[m[K
[01m[K/usr/include/c++/9/bits/shared_ptr.h:714:5:[m[K [01;36m[Knote: [m[K  template argument deduction/substitution failed:
[01m[K/home/danscarryus/InternRos2/MagangBayu24-ROS2/tugas2/src/pubs_and_subs/src/publisher-2.cpp:48:50:[m[K [01;31m[Kerror: [m[Ktemplate argument 1 is invalid
   48 |   auto subscriber = std::make_shared<subscriber>([01;31m[K)[m[K;
      |                                                  [01;31m[K^[m[K
make[2]: *** [CMakeFiles/talker2.dir/build.make:63: CMakeFiles/talker2.dir/src/publisher-2.cpp.o] Error 1
make[1]: *** [CMakeFiles/Makefile2:109: CMakeFiles/talker2.dir/all] Error 2
make: *** [Makefile:141: all] Error 2
