[0.073s] Invoking command in '/home/danscarryus/InternRos2/MagangBayu24-ROS2/tugas2/build/pubs_and_subs': CMAKE_PREFIX_PATH=${CMAKE_PREFIX_PATH}:/opt/ros/foxy /usr/bin/cmake --build /home/danscarryus/InternRos2/MagangBayu24-ROS2/tugas2/build/pubs_and_subs -- -j4 -l4
[0.107s] [35m[1mScanning dependencies of target talker2[0m
[0.127s] [ 33%] Built target listener
[0.133s] [ 66%] Built target talker1
[0.133s] [ 83%] [32mBuilding CXX object CMakeFiles/talker2.dir/src/publisher-2.cpp.o[0m
[0.987s] [01m[K/home/danscarryus/InternRos2/MagangBayu24-ROS2/tugas2/src/pubs_and_subs/src/publisher-2.cpp:[m[K In function â€˜[01m[Kint main(int, char**)[m[Kâ€™:
[0.987s] [01m[K/home/danscarryus/InternRos2/MagangBayu24-ROS2/tugas2/src/pubs_and_subs/src/publisher-2.cpp:48:38:[m[K [01;31m[Kerror: [m[Kuse of â€˜[01m[Ksubscriber[m[Kâ€™ before deduction of â€˜[01m[Kauto[m[Kâ€™
[0.988s]    48 |   auto subscriber = std::make_shared<[01;31m[Ksubscriber[m[K>();
[0.988s]       |                                      [01;31m[K^~~~~~~~~~[m[K
[0.988s] [01m[K/home/danscarryus/InternRos2/MagangBayu24-ROS2/tugas2/src/pubs_and_subs/src/publisher-2.cpp:48:38:[m[K [01;31m[Kerror: [m[Kuse of â€˜[01m[Ksubscriber[m[Kâ€™ before deduction of â€˜[01m[Kauto[m[Kâ€™
[0.988s] [01m[K/home/danscarryus/InternRos2/MagangBayu24-ROS2/tugas2/src/pubs_and_subs/src/publisher-2.cpp:48:38:[m[K [01;31m[Kerror: [m[Kuse of â€˜[01m[Ksubscriber[m[Kâ€™ before deduction of â€˜[01m[Kauto[m[Kâ€™
[0.988s] [01m[K/home/danscarryus/InternRos2/MagangBayu24-ROS2/tugas2/src/pubs_and_subs/src/publisher-2.cpp:48:50:[m[K [01;31m[Kerror: [m[Kno matching function for call to â€˜[01m[Kmake_shared<<expression error> >()[m[Kâ€™
[0.988s]    48 |   auto subscriber = std::make_shared<subscriber>([01;31m[K)[m[K;
[0.988s]       |                                                  [01;31m[K^[m[K
[0.988s] In file included from [01m[K/usr/include/c++/9/memory:81[m[K,
[0.988s]                  from [01m[K/home/danscarryus/InternRos2/MagangBayu24-ROS2/tugas2/src/pubs_and_subs/src/publisher-2.cpp:2[m[K:
[0.988s] [01m[K/usr/include/c++/9/bits/shared_ptr.h:714:5:[m[K [01;36m[Knote: [m[Kcandidate: â€˜[01m[Ktemplate<class _Tp, class ... _Args> std::shared_ptr<_Tp> std::make_shared(_Args&& ...)[m[Kâ€™
[0.988s]   714 |     [01;36m[Kmake_shared[m[K(_Args&&... __args)
[0.988s]       |     [01;36m[K^~~~~~~~~~~[m[K
[0.988s] [01m[K/usr/include/c++/9/bits/shared_ptr.h:714:5:[m[K [01;36m[Knote: [m[K  template argument deduction/substitution failed:
[0.988s] [01m[K/home/danscarryus/InternRos2/MagangBayu24-ROS2/tugas2/src/pubs_and_subs/src/publisher-2.cpp:48:50:[m[K [01;31m[Kerror: [m[Ktemplate argument 1 is invalid
[0.988s]    48 |   auto subscriber = std::make_shared<subscriber>([01;31m[K)[m[K;
[0.988s]       |                                                  [01;31m[K^[m[K
[1.448s] make[2]: *** [CMakeFiles/talker2.dir/build.make:63: CMakeFiles/talker2.dir/src/publisher-2.cpp.o] Error 1
[1.449s] make[1]: *** [CMakeFiles/Makefile2:109: CMakeFiles/talker2.dir/all] Error 2
[1.449s] make: *** [Makefile:141: all] Error 2
[1.455s] Invoked command in '/home/danscarryus/InternRos2/MagangBayu24-ROS2/tugas2/build/pubs_and_subs' returned '2': CMAKE_PREFIX_PATH=${CMAKE_PREFIX_PATH}:/opt/ros/foxy /usr/bin/cmake --build /home/danscarryus/InternRos2/MagangBayu24-ROS2/tugas2/build/pubs_and_subs -- -j4 -l4
