[0.074s] Invoking command in '/home/danscarryus/InternRos2/MagangBayu24-ROS2/tugas2/build/pubs_and_subs': CMAKE_PREFIX_PATH=${CMAKE_PREFIX_PATH}:/opt/ros/foxy /usr/bin/cmake --build /home/danscarryus/InternRos2/MagangBayu24-ROS2/tugas2/build/pubs_and_subs -- -j4 -l4
[0.137s] [35m[1mScanning dependencies of target listener[0m
[0.181s] [ 16%] [32mBuilding CXX object CMakeFiles/listener.dir/src/subscriber-main.cpp.o[0m
[0.189s] [ 50%] Built target talker1
[0.207s] [ 83%] Built target talker2
[1.065s] [01m[K/home/danscarryus/InternRos2/MagangBayu24-ROS2/tugas2/src/pubs_and_subs/src/subscriber-main.cpp:[m[K In member function â€˜[01m[Kvoid MySubscriber::topic_callback(std_msgs::msg::String_<std::allocator<void> >::SharedPtr)[m[Kâ€™:
[1.065s] [01m[K/home/danscarryus/InternRos2/MagangBayu24-ROS2/tugas2/src/pubs_and_subs/src/subscriber-main.cpp:23:30:[m[K [01;31m[Kerror: [m[Kâ€˜[01m[Ktalker1[m[Kâ€™ was not declared in this scope
[1.066s]    23 |     if(received[10] == '1') {[01;31m[Ktalker1[m[K = received;}
[1.066s]       |                              [01;31m[K^~~~~~~[m[K
[1.066s] [01m[K/home/danscarryus/InternRos2/MagangBayu24-ROS2/tugas2/src/pubs_and_subs/src/subscriber-main.cpp:24:35:[m[K [01;31m[Kerror: [m[Kâ€˜[01m[Ktalker2[m[Kâ€™ was not declared in this scope
[1.066s]    24 |     else if(received[10] == '2') {[01;31m[Ktalker2[m[K = received;}
[1.066s]       |                                   [01;31m[K^~~~~~~[m[K
[2.036s] make[2]: *** [CMakeFiles/listener.dir/build.make:63: CMakeFiles/listener.dir/src/subscriber-main.cpp.o] Error 1
[2.037s] make[1]: *** [CMakeFiles/Makefile2:82: CMakeFiles/listener.dir/all] Error 2
[2.037s] make: *** [Makefile:141: all] Error 2
[2.045s] Invoked command in '/home/danscarryus/InternRos2/MagangBayu24-ROS2/tugas2/build/pubs_and_subs' returned '2': CMAKE_PREFIX_PATH=${CMAKE_PREFIX_PATH}:/opt/ros/foxy /usr/bin/cmake --build /home/danscarryus/InternRos2/MagangBayu24-ROS2/tugas2/build/pubs_and_subs -- -j4 -l4
