[35m[1mScanning dependencies of target listener[0m
[ 33%] Built target talker2
[ 66%] Built target talker1
[ 83%] [32mBuilding CXX object CMakeFiles/listener.dir/src/subscriber-main.cpp.o[0m
[01m[K/home/danscarryus/InternRos2/MagangBayu24-ROS2/tugas2/src/pubs_and_subs/src/subscriber-main.cpp:[m[K In member function â€˜[01m[Kvoid MinimalSubscriber::topic_callback1(std_msgs::msg::String_<std::allocator<void> >::SharedPtr)[m[Kâ€™:
[01m[K/home/danscarryus/InternRos2/MagangBayu24-ROS2/tugas2/src/pubs_and_subs/src/subscriber-main.cpp:37:5:[m[K [01;31m[Kerror: [m[Kâ€˜[01m[Kcheck_publisher_states[m[Kâ€™ was not declared in this scope; did you mean â€˜[01m[Kcheck_publisherstates[m[Kâ€™?
   37 |     [01;31m[Kcheck_publisher_states[m[K();
      |     [01;31m[K^~~~~~~~~~~~~~~~~~~~~~[m[K
      |     [32m[Kcheck_publisherstates[m[K
[01m[K/home/danscarryus/InternRos2/MagangBayu24-ROS2/tugas2/src/pubs_and_subs/src/subscriber-main.cpp:[m[K In member function â€˜[01m[Kvoid MinimalSubscriber::topic_callback2(std_msgs::msg::String_<std::allocator<void> >::SharedPtr)[m[Kâ€™:
[01m[K/home/danscarryus/InternRos2/MagangBayu24-ROS2/tugas2/src/pubs_and_subs/src/subscriber-main.cpp:48:5:[m[K [01;31m[Kerror: [m[Kâ€˜[01m[Kcheck_publisher_states[m[Kâ€™ was not declared in this scope; did you mean â€˜[01m[Kcheck_publisherstates[m[Kâ€™?
   48 |     [01;31m[Kcheck_publisher_states[m[K();
      |     [01;31m[K^~~~~~~~~~~~~~~~~~~~~~[m[K
      |     [32m[Kcheck_publisherstates[m[K
make[2]: *** [CMakeFiles/listener.dir/build.make:63: CMakeFiles/listener.dir/src/subscriber-main.cpp.o] Error 1
make[1]: *** [CMakeFiles/Makefile2:82: CMakeFiles/listener.dir/all] Error 2
make: *** [Makefile:141: all] Error 2
