[0.071s] Invoking command in '/home/danscarryus/InternRos2/MagangBayu24-ROS2/tugas2/build/pubs_and_subs': CMAKE_PREFIX_PATH=${CMAKE_PREFIX_PATH}:/opt/ros/foxy /usr/bin/cmake --build /home/danscarryus/InternRos2/MagangBayu24-ROS2/tugas2/build/pubs_and_subs -- -j4 -l4
[0.164s] [35m[1mScanning dependencies of target listener[0m
[0.171s] [ 33%] Built target talker2
[0.176s] [ 66%] Built target talker1
[0.183s] [ 83%] [32mBuilding CXX object CMakeFiles/listener.dir/src/subscriber-main.cpp.o[0m
[1.353s] [01m[K/home/danscarryus/InternRos2/MagangBayu24-ROS2/tugas2/src/pubs_and_subs/src/subscriber-main.cpp:[m[K In member function â€˜[01m[Kvoid MySubscriber::topic_callback(std_msgs::msg::String_<std::allocator<void> >::SharedPtr)[m[Kâ€™:
[1.353s] [01m[K/home/danscarryus/InternRos2/MagangBayu24-ROS2/tugas2/src/pubs_and_subs/src/subscriber-main.cpp:23:30:[m[K [01;31m[Kerror: [m[Kâ€˜[01m[Kpubs1[m[Kâ€™ was not declared in this scope; did you mean â€˜[01m[Kpub1[m[Kâ€™?
[1.353s]    23 |     if(received[10] == '1') {[01;31m[Kpubs1[m[K = received;}
[1.353s]       |                              [01;31m[K^~~~~[m[K
[1.353s]       |                              [32m[Kpub1[m[K
[1.354s] [01m[K/home/danscarryus/InternRos2/MagangBayu24-ROS2/tugas2/src/pubs_and_subs/src/subscriber-main.cpp:24:35:[m[K [01;31m[Kerror: [m[Kâ€˜[01m[Kpubs2[m[Kâ€™ was not declared in this scope; did you mean â€˜[01m[Kpub2[m[Kâ€™?
[1.354s]    24 |     else if(received[10] == '2') {[01;31m[Kpubs2[m[K = received;}
[1.354s]       |                                   [01;31m[K^~~~~[m[K
[1.354s]       |                                   [32m[Kpub2[m[K
[2.398s] make[2]: *** [CMakeFiles/listener.dir/build.make:63: CMakeFiles/listener.dir/src/subscriber-main.cpp.o] Error 1
[2.398s] make[1]: *** [CMakeFiles/Makefile2:82: CMakeFiles/listener.dir/all] Error 2
[2.399s] make: *** [Makefile:141: all] Error 2
[2.406s] Invoked command in '/home/danscarryus/InternRos2/MagangBayu24-ROS2/tugas2/build/pubs_and_subs' returned '2': CMAKE_PREFIX_PATH=${CMAKE_PREFIX_PATH}:/opt/ros/foxy /usr/bin/cmake --build /home/danscarryus/InternRos2/MagangBayu24-ROS2/tugas2/build/pubs_and_subs -- -j4 -l4
