[0.071s] Invoking command in '/home/danscarryus/InternRos2/MagangBayu24-ROS2/tugas2/build/pubs_and_subs': CMAKE_PREFIX_PATH=${CMAKE_PREFIX_PATH}:/opt/ros/foxy /usr/bin/cmake --build /home/danscarryus/InternRos2/MagangBayu24-ROS2/tugas2/build/pubs_and_subs -- -j4 -l4
[0.112s] [35m[1mScanning dependencies of target talker2[0m
[0.141s] [ 33%] Built target listener
[0.145s] [ 66%] Built target talker1
[0.145s] [ 83%] [32mBuilding CXX object CMakeFiles/talker2.dir/src/publisher-2.cpp.o[0m
[1.030s] [01m[K/home/danscarryus/InternRos2/MagangBayu24-ROS2/tugas2/src/pubs_and_subs/src/publisher-2.cpp:[m[K In function â€˜[01m[Kint main(int, char**)[m[Kâ€™:
[1.030s] [01m[K/home/danscarryus/InternRos2/MagangBayu24-ROS2/tugas2/src/pubs_and_subs/src/publisher-2.cpp:47:16:[m[K [01;31m[Kerror: [m[Kâ€˜[01m[Kmake_shared[m[Kâ€™ was not declared in this scope; did you mean â€˜[01m[Kstd::make_shared[m[Kâ€™?
[1.030s]    47 |   rclcpp::spin([01;31m[Kmake_shared[m[K<MyPublisher>());
[1.030s]       |                [01;31m[K^~~~~~~~~~~[m[K
[1.030s]       |                [32m[Kstd::make_shared[m[K
[1.030s] In file included from [01m[K/usr/include/c++/9/memory:81[m[K,
[1.030s]                  from [01m[K/home/danscarryus/InternRos2/MagangBayu24-ROS2/tugas2/src/pubs_and_subs/src/publisher-2.cpp:2[m[K:
[1.030s] [01m[K/usr/include/c++/9/bits/shared_ptr.h:714:5:[m[K [01;36m[Knote: [m[Kâ€˜[01m[Kstd::make_shared[m[Kâ€™ declared here
[1.030s]   714 |     [01;36m[Kmake_shared[m[K(_Args&&... __args)
[1.031s]       |     [01;36m[K^~~~~~~~~~~[m[K
[1.031s] [01m[K/home/danscarryus/InternRos2/MagangBayu24-ROS2/tugas2/src/pubs_and_subs/src/publisher-2.cpp:47:39:[m[K [01;31m[Kerror: [m[Kexpected primary-expression before â€˜[01m[K>[m[Kâ€™ token
[1.031s]    47 |   rclcpp::spin(make_shared<MyPublisher[01;31m[K>[m[K());
[1.031s]       |                                       [01;31m[K^[m[K
[1.031s] [01m[K/home/danscarryus/InternRos2/MagangBayu24-ROS2/tugas2/src/pubs_and_subs/src/publisher-2.cpp:47:41:[m[K [01;31m[Kerror: [m[Kexpected primary-expression before â€˜[01m[K)[m[Kâ€™ token
[1.031s]    47 |   rclcpp::spin(make_shared<MyPublisher>([01;31m[K)[m[K);
[1.031s]       |                                         [01;31m[K^[m[K
[1.494s] make[2]: *** [CMakeFiles/talker2.dir/build.make:63: CMakeFiles/talker2.dir/src/publisher-2.cpp.o] Error 1
[1.494s] make[1]: *** [CMakeFiles/Makefile2:109: CMakeFiles/talker2.dir/all] Error 2
[1.495s] make: *** [Makefile:141: all] Error 2
[1.502s] Invoked command in '/home/danscarryus/InternRos2/MagangBayu24-ROS2/tugas2/build/pubs_and_subs' returned '2': CMAKE_PREFIX_PATH=${CMAKE_PREFIX_PATH}:/opt/ros/foxy /usr/bin/cmake --build /home/danscarryus/InternRos2/MagangBayu24-ROS2/tugas2/build/pubs_and_subs -- -j4 -l4
