[0.073s] Invoking command in '/home/danscarryus/InternRos2/MagangBayu24-ROS2/tugas2/build/pubs_and_subs': CMAKE_PREFIX_PATH=${CMAKE_PREFIX_PATH}:/opt/ros/foxy /usr/bin/cmake --build /home/danscarryus/InternRos2/MagangBayu24-ROS2/tugas2/build/pubs_and_subs -- -j4 -l4
[0.117s] make[2]: *** No rule to make target '/home/danscarryus/InternRos2/MagangBayu24-ROS2/tugas2/src/pubs_and_subs/src/main-subscriber.cpp', needed by 'CMakeFiles/listener.dir/src/main-subscriber.cpp.o'.  Stop.
[0.117s] make[1]: *** [CMakeFiles/Makefile2:82: CMakeFiles/listener.dir/all] Error 2
[0.117s] make[1]: *** Waiting for unfinished jobs....
[0.118s] [35m[1mScanning dependencies of target talker2[0m
[0.134s] [ 33%] Built target talker1
[0.139s] [ 50%] [32mBuilding CXX object CMakeFiles/talker2.dir/src/publisher-2.cpp.o[0m
[1.143s] [01m[K/home/danscarryus/InternRos2/MagangBayu24-ROS2/tugas2/src/pubs_and_subs/src/publisher-2.cpp:[m[K In constructor â€˜[01m[KMyPublisher::MyPublisher()[m[Kâ€™:
[1.144s] [01m[K/home/danscarryus/InternRos2/MagangBayu24-ROS2/tugas2/src/pubs_and_subs/src/publisher-2.cpp:15:86:[m[K [01;31m[Kerror: [m[Kno matching function for call to â€˜[01m[KMyPublisher::create_wall_timer(int, std::_Bind_helper<false, void (MyPublisher::*)(), MyPublisher*>::type)[m[Kâ€™
[1.144s]    15 |     timer_ = this->create_wall_timer(3, std::bind(&MyPublisher::timer_callback, this)[01;31m[K)[m[K;
[1.144s]       |                                                                                      [01;31m[K^[m[K
[1.144s] In file included from [01m[K/opt/ros/foxy/include/rclcpp/executors/single_threaded_executor.hpp:28[m[K,
[1.144s]                  from [01m[K/opt/ros/foxy/include/rclcpp/executors.hpp:22[m[K,
[1.144s]                  from [01m[K/opt/ros/foxy/include/rclcpp/rclcpp.hpp:146[m[K,
[1.144s]                  from [01m[K/home/danscarryus/InternRos2/MagangBayu24-ROS2/tugas2/src/pubs_and_subs/src/publisher-2.cpp:5[m[K:
[1.144s] [01m[K/opt/ros/foxy/include/rclcpp/node.hpp:232:3:[m[K [01;36m[Knote: [m[Kcandidate: â€˜[01m[Ktemplate<class DurationRepT, class DurationT, class CallbackT> typename rclcpp::WallTimer<CallbackT>::SharedPtr rclcpp::Node::create_wall_timer(std::chrono::duration<_Rep1, _Period1>, CallbackT, rclcpp::CallbackGroup::SharedPtr)[m[Kâ€™
[1.144s]   232 |   [01;36m[Kcreate_wall_timer[m[K(
[1.144s]       |   [01;36m[K^~~~~~~~~~~~~~~~~[m[K
[1.144s] [01m[K/opt/ros/foxy/include/rclcpp/node.hpp:232:3:[m[K [01;36m[Knote: [m[K  template argument deduction/substitution failed:
[1.144s] [01m[K/home/danscarryus/InternRos2/MagangBayu24-ROS2/tugas2/src/pubs_and_subs/src/publisher-2.cpp:15:86:[m[K [01;36m[Knote: [m[K  mismatched types â€˜[01m[Kstd::chrono::duration<_Rep1, _Period1>[m[Kâ€™ and â€˜[01m[Kint[m[Kâ€™
[1.144s]    15 |     timer_ = this->create_wall_timer(3, std::bind(&MyPublisher::timer_callback, this)[01;36m[K)[m[K;
[1.144s]       |                                                                                      [01;36m[K^[m[K
[1.984s] make[2]: *** [CMakeFiles/talker2.dir/build.make:63: CMakeFiles/talker2.dir/src/publisher-2.cpp.o] Error 1
[1.984s] make[1]: *** [CMakeFiles/Makefile2:109: CMakeFiles/talker2.dir/all] Error 2
[1.984s] make: *** [Makefile:141: all] Error 2
[1.993s] Invoked command in '/home/danscarryus/InternRos2/MagangBayu24-ROS2/tugas2/build/pubs_and_subs' returned '2': CMAKE_PREFIX_PATH=${CMAKE_PREFIX_PATH}:/opt/ros/foxy /usr/bin/cmake --build /home/danscarryus/InternRos2/MagangBayu24-ROS2/tugas2/build/pubs_and_subs -- -j4 -l4
