[0.073s] Invoking command in '/home/danscarryus/InternRos2/MagangBayu24-ROS2/tugas2/build/pubs_and_subs': CMAKE_PREFIX_PATH=${CMAKE_PREFIX_PATH}:/opt/ros/foxy /usr/bin/cmake --build /home/danscarryus/InternRos2/MagangBayu24-ROS2/tugas2/build/pubs_and_subs -- -j4 -l4
[0.115s] [35m[1mScanning dependencies of target listener[0m
[0.131s] [ 33%] Built target talker2
[0.132s] [ 66%] Built target talker1
[0.141s] [ 83%] [32mBuilding CXX object CMakeFiles/listener.dir/src/subscriber-main.cpp.o[0m
[1.119s] [01m[K/home/danscarryus/InternRos2/MagangBayu24-ROS2/tugas2/src/pubs_and_subs/src/subscriber-main.cpp:14:16:[m[K [01;31m[Kerror: [m[KISO C++ forbids declaration of â€˜[01m[KMySubscriber[m[Kâ€™ with no type [[01;31m[K-fpermissive[m[K]
[1.120s]    14 |   MySubscriber([01;31m[K)[m[K
[1.120s]       |                [01;31m[K^[m[K
[1.128s] [01m[K/home/danscarryus/InternRos2/MagangBayu24-ROS2/tugas2/src/pubs_and_subs/src/subscriber-main.cpp:[m[K In member function â€˜[01m[Kint MyPublisher::MySubscriber()[m[Kâ€™:
[1.128s] [01m[K/home/danscarryus/InternRos2/MagangBayu24-ROS2/tugas2/src/pubs_and_subs/src/subscriber-main.cpp:15:5:[m[K [01;31m[Kerror: [m[Konly constructors take member initializers
[1.128s]    15 |   : [01;31m[KNode[m[K("my_subscriber")
[1.128s]       |     [01;31m[K^~~~[m[K
[1.129s] [01m[K/home/danscarryus/InternRos2/MagangBayu24-ROS2/tugas2/src/pubs_and_subs/src/subscriber-main.cpp:18:30:[m[K [01;31m[Kerror: [m[Kâ€˜[01m[KMySubscriber[m[Kâ€™ is not a class, namespace, or enumeration
[1.129s]    18 |       "info", 10, std::bind(&[01;31m[KMySubscriber[m[K::topic_callback, this, _1));
[1.129s]       |                              [01;31m[K^~~~~~~~~~~~[m[K
[1.129s] [01m[K/home/danscarryus/InternRos2/MagangBayu24-ROS2/tugas2/src/pubs_and_subs/src/subscriber-main.cpp:19:3:[m[K [01;35m[Kwarning: [m[Kno return statement in function returning non-void [[01;35m[K-Wreturn-type[m[K]
[1.129s]    19 |   [01;35m[K}[m[K
[1.129s]       |   [01;35m[K^[m[K
[1.133s] [01m[K/home/danscarryus/InternRos2/MagangBayu24-ROS2/tugas2/src/pubs_and_subs/src/subscriber-main.cpp:[m[K In function â€˜[01m[Kint main(int, char**)[m[Kâ€™:
[1.133s] [01m[K/home/danscarryus/InternRos2/MagangBayu24-ROS2/tugas2/src/pubs_and_subs/src/subscriber-main.cpp:44:33:[m[K [01;31m[Kerror: [m[Kâ€˜[01m[KMySubscriber[m[Kâ€™ was not declared in this scope
[1.133s]    44 |   rclcpp::spin(std::make_shared<[01;31m[KMySubscriber[m[K>());
[1.133s]       |                                 [01;31m[K^~~~~~~~~~~~[m[K
[1.133s] [01m[K/home/danscarryus/InternRos2/MagangBayu24-ROS2/tugas2/src/pubs_and_subs/src/subscriber-main.cpp:44:47:[m[K [01;31m[Kerror: [m[Kno matching function for call to â€˜[01m[Kmake_shared<<expression error> >()[m[Kâ€™
[1.133s]    44 |   rclcpp::spin(std::make_shared<MySubscriber>([01;31m[K)[m[K);
[1.134s]       |                                               [01;31m[K^[m[K
[1.134s] In file included from [01m[K/usr/include/c++/9/memory:81[m[K,
[1.134s]                  from [01m[K/home/danscarryus/InternRos2/MagangBayu24-ROS2/tugas2/src/pubs_and_subs/src/subscriber-main.cpp:1[m[K:
[1.134s] [01m[K/usr/include/c++/9/bits/shared_ptr.h:714:5:[m[K [01;36m[Knote: [m[Kcandidate: â€˜[01m[Ktemplate<class _Tp, class ... _Args> std::shared_ptr<_Tp> std::make_shared(_Args&& ...)[m[Kâ€™
[1.134s]   714 |     [01;36m[Kmake_shared[m[K(_Args&&... __args)
[1.134s]       |     [01;36m[K^~~~~~~~~~~[m[K
[1.134s] [01m[K/usr/include/c++/9/bits/shared_ptr.h:714:5:[m[K [01;36m[Knote: [m[K  template argument deduction/substitution failed:
[1.135s] [01m[K/home/danscarryus/InternRos2/MagangBayu24-ROS2/tugas2/src/pubs_and_subs/src/subscriber-main.cpp:44:47:[m[K [01;31m[Kerror: [m[Ktemplate argument 1 is invalid
[1.136s]    44 |   rclcpp::spin(std::make_shared<MySubscriber>([01;31m[K)[m[K);
[1.136s]       |                                               [01;31m[K^[m[K
[1.387s] make[2]: *** [CMakeFiles/listener.dir/build.make:63: CMakeFiles/listener.dir/src/subscriber-main.cpp.o] Error 1
[1.387s] make[1]: *** [CMakeFiles/Makefile2:82: CMakeFiles/listener.dir/all] Error 2
[1.388s] make: *** [Makefile:141: all] Error 2
[1.398s] Invoked command in '/home/danscarryus/InternRos2/MagangBayu24-ROS2/tugas2/build/pubs_and_subs' returned '2': CMAKE_PREFIX_PATH=${CMAKE_PREFIX_PATH}:/opt/ros/foxy /usr/bin/cmake --build /home/danscarryus/InternRos2/MagangBayu24-ROS2/tugas2/build/pubs_and_subs -- -j4 -l4
