[ 16%] [32mBuilding CXX object CMakeFiles/listener.dir/src/subscriber-main.cpp.o[0m
[ 50%] Built target talker1
[ 83%] Built target talker2
[01m[K/home/danscarryus/InternRos2/MagangBayu24-ROS2/tugas2/src/pubs_and_subs/src/subscriber-main.cpp:[m[K In constructor â€˜[01m[KMySubscriber::MySubscriber()[m[Kâ€™:
[01m[K/home/danscarryus/InternRos2/MagangBayu24-ROS2/tugas2/src/pubs_and_subs/src/subscriber-main.cpp:18:5:[m[K [01;31m[Kerror: [m[Kâ€˜[01m[Ktimer_[m[Kâ€™ was not declared in this scope; did you mean â€˜[01m[Ktimer_t[m[Kâ€™?
   18 |     [01;31m[Ktimer_[m[K = this->create_wall_timer(std::chrono::seconds(5), std::bind(&MySubscriber::timer_callback, timer_t));
      |     [01;31m[K^~~~~~[m[K
      |     [32m[Ktimer_t[m[K
[01m[K/home/danscarryus/InternRos2/MagangBayu24-ROS2/tugas2/src/pubs_and_subs/src/subscriber-main.cpp:18:111:[m[K [01;31m[Kerror: [m[Kexpected primary-expression before â€˜[01m[K)[m[Kâ€™ token
   18 | l_timer(std::chrono::seconds(5), std::bind(&MySubscriber::timer_callback, timer_t[01;31m[K)[m[K);
      |                                                                                  [01;31m[K^[m[K

[01m[K/home/danscarryus/InternRos2/MagangBayu24-ROS2/tugas2/src/pubs_and_subs/src/subscriber-main.cpp:[m[K In member function â€˜[01m[Kvoid MySubscriber::topic_callback_1(std_msgs::msg::String_<std::allocator<void> >::SharedPtr) const[m[Kâ€™:
[01m[K/home/danscarryus/InternRos2/MagangBayu24-ROS2/tugas2/src/pubs_and_subs/src/subscriber-main.cpp:26:7:[m[K [01;31m[Kerror: [m[Kâ€˜[01m[Kpub1_received_[m[Kâ€™ was not declared in this scope
   26 |       [01;31m[Kpub1_received_[m[K = true;
      |       [01;31m[K^~~~~~~~~~~~~~[m[K
[01m[K/home/danscarryus/InternRos2/MagangBayu24-ROS2/tugas2/src/pubs_and_subs/src/subscriber-main.cpp:[m[K In member function â€˜[01m[Kvoid MySubscriber::topic_callback_2(std_msgs::msg::String_<std::allocator<void> >::SharedPtr) const[m[Kâ€™:
[01m[K/home/danscarryus/InternRos2/MagangBayu24-ROS2/tugas2/src/pubs_and_subs/src/subscriber-main.cpp:34:7:[m[K [01;31m[Kerror: [m[Kâ€˜[01m[Kpub2_received_[m[Kâ€™ was not declared in this scope
   34 |       [01;31m[Kpub2_received_[m[K = true;
      |       [01;31m[K^~~~~~~~~~~~~~[m[K
[01m[K/home/danscarryus/InternRos2/MagangBayu24-ROS2/tugas2/src/pubs_and_subs/src/subscriber-main.cpp:[m[K In member function â€˜[01m[Kvoid MySubscriber::timer_callback() const[m[Kâ€™:
[01m[K/home/danscarryus/InternRos2/MagangBayu24-ROS2/tugas2/src/pubs_and_subs/src/subscriber-main.cpp:40:9:[m[K [01;31m[Kerror: [m[Kâ€˜[01m[Kpub1_received_[m[Kâ€™ was not declared in this scope
   40 |     if ([01;31m[Kpub1_received_[m[K && pub2_received_)
      |         [01;31m[K^~~~~~~~~~~~~~[m[K
[01m[K/home/danscarryus/InternRos2/MagangBayu24-ROS2/tugas2/src/pubs_and_subs/src/subscriber-main.cpp:40:27:[m[K [01;31m[Kerror: [m[Kâ€˜[01m[Kpub2_received_[m[Kâ€™ was not declared in this scope
   40 |     if (pub1_received_ && [01;31m[Kpub2_received_[m[K)
      |                           [01;31m[K^~~~~~~~~~~~~~[m[K
[01m[K/home/danscarryus/InternRos2/MagangBayu24-ROS2/tugas2/src/pubs_and_subs/src/subscriber-main.cpp:49:5:[m[K [01;31m[Kerror: [m[Kâ€˜[01m[Kpub1_received_[m[Kâ€™ was not declared in this scope
   49 |     [01;31m[Kpub1_received_[m[K = false;
      |     [01;31m[K^~~~~~~~~~~~~~[m[K
[01m[K/home/danscarryus/InternRos2/MagangBayu24-ROS2/tugas2/src/pubs_and_subs/src/subscriber-main.cpp:50:5:[m[K [01;31m[Kerror: [m[Kâ€˜[01m[Kpub2_received_[m[Kâ€™ was not declared in this scope
   50 |     [01;31m[Kpub2_received_[m[K = false;
      |     [01;31m[K^~~~~~~~~~~~~~[m[K
make[2]: *** [CMakeFiles/listener.dir/build.make:63: CMakeFiles/listener.dir/src/subscriber-main.cpp.o] Error 1
make[1]: *** [CMakeFiles/Makefile2:82: CMakeFiles/listener.dir/all] Error 2
make: *** [Makefile:141: all] Error 2
