[0.094s] Invoking command in '/home/danscarryus/InternRos2/MagangBayu24-ROS2/tugas2/build/pubs_and_subs': CMAKE_PREFIX_PATH=${CMAKE_PREFIX_PATH}:/opt/ros/foxy /usr/bin/cmake --build /home/danscarryus/InternRos2/MagangBayu24-ROS2/tugas2/build/pubs_and_subs -- -j4 -l4
[0.184s] [ 16%] [32mBuilding CXX object CMakeFiles/talker2.dir/src/publisher-2.cpp.o[0m
[0.217s] [ 33%] [32mBuilding CXX object CMakeFiles/talker1.dir/src/publisher-1.cpp.o[0m
[0.227s] [ 66%] Built target listener
[1.442s] [01m[K/home/danscarryus/InternRos2/MagangBayu24-ROS2/tugas2/src/pubs_and_subs/src/publisher-1.cpp:[m[K In constructor â€˜[01m[KMyPublisher1::MyPublisher1()[m[Kâ€™:
[1.442s] [01m[K/home/danscarryus/InternRos2/MagangBayu24-ROS2/tugas2/src/pubs_and_subs/src/publisher-1.cpp:40:59:[m[K [01;31m[Kerror: [m[Kâ€˜[01m[KMyPublisher[m[Kâ€™ has not been declared
[1.442s]    40 |     timer_ = this->create_wall_timer(interval, std::bind(&[01;31m[KMyPublisher[m[K::timer_callback, this));
[1.442s]       |                                                           [01;31m[K^~~~~~~~~~~[m[K
[1.443s] [01m[K/home/danscarryus/InternRos2/MagangBayu24-ROS2/tugas2/src/pubs_and_subs/src/publisher-2.cpp:[m[K In constructor â€˜[01m[KMyPublisher2::MyPublisher2()[m[Kâ€™:
[1.443s] [01m[K/home/danscarryus/InternRos2/MagangBayu24-ROS2/tugas2/src/pubs_and_subs/src/publisher-2.cpp:40:59:[m[K [01;31m[Kerror: [m[Kâ€˜[01m[KMyPublisher[m[Kâ€™ has not been declared
[1.444s]    40 |     timer_ = this->create_wall_timer(interval, std::bind(&[01;31m[KMyPublisher[m[K::timer_callback, this));
[1.444s]       |                                                           [01;31m[K^~~~~~~~~~~[m[K
[1.445s] [01m[K/home/danscarryus/InternRos2/MagangBayu24-ROS2/tugas2/src/pubs_and_subs/src/publisher-1.cpp:[m[K In function â€˜[01m[Kint main(int, char**)[m[Kâ€™:
[1.445s] [01m[K/home/danscarryus/InternRos2/MagangBayu24-ROS2/tugas2/src/pubs_and_subs/src/publisher-1.cpp:47:33:[m[K [01;31m[Kerror: [m[Kâ€˜[01m[KMyPublisher[m[Kâ€™ was not declared in this scope; did you mean â€˜[01m[KMyPublisher1[m[Kâ€™?
[1.445s]    47 |   rclcpp::spin(std::make_shared<[01;31m[KMyPublisher[m[K>());
[1.445s]       |                                 [01;31m[K^~~~~~~~~~~[m[K
[1.445s]       |                                 [32m[KMyPublisher1[m[K
[1.445s] [01m[K/home/danscarryus/InternRos2/MagangBayu24-ROS2/tugas2/src/pubs_and_subs/src/publisher-1.cpp:47:46:[m[K [01;31m[Kerror: [m[Kno matching function for call to â€˜[01m[Kmake_shared<<expression error> >()[m[Kâ€™
[1.445s]    47 |   rclcpp::spin(std::make_shared<MyPublisher>([01;31m[K)[m[K);
[1.446s]       |                                              [01;31m[K^[m[K
[1.457s] In file included from [01m[K/usr/include/c++/9/memory:81[m[K,
[1.458s]                  from [01m[K/home/danscarryus/InternRos2/MagangBayu24-ROS2/tugas2/src/pubs_and_subs/src/publisher-1.cpp:2[m[K:
[1.458s] [01m[K/usr/include/c++/9/bits/shared_ptr.h:714:5:[m[K [01;36m[Knote: [m[Kcandidate: â€˜[01m[Ktemplate<class _Tp, class ... _Args> std::shared_ptr<_Tp> std::make_shared(_Args&& ...)[m[Kâ€™
[1.458s]   714 |     [01;36m[Kmake_shared[m[K(_Args&&... __args)
[1.458s]       |     [01;36m[K^~~~~~~~~~~[m[K
[1.458s] [01m[K/usr/include/c++/9/bits/shared_ptr.h:714:5:[m[K [01;36m[Knote: [m[K  template argument deduction/substitution failed:
[1.458s] [01m[K/home/danscarryus/InternRos2/MagangBayu24-ROS2/tugas2/src/pubs_and_subs/src/publisher-1.cpp:47:46:[m[K [01;31m[Kerror: [m[Ktemplate argument 1 is invalid
[1.458s]    47 |   rclcpp::spin(std::make_shared<MyPublisher>([01;31m[K)[m[K);
[1.458s]       |                                              [01;31m[K^[m[K
[1.458s] [01m[K/home/danscarryus/InternRos2/MagangBayu24-ROS2/tugas2/src/pubs_and_subs/src/publisher-2.cpp:[m[K In function â€˜[01m[Kint main(int, char**)[m[Kâ€™:
[1.458s] [01m[K/home/danscarryus/InternRos2/MagangBayu24-ROS2/tugas2/src/pubs_and_subs/src/publisher-2.cpp:47:33:[m[K [01;31m[Kerror: [m[Kâ€˜[01m[KMyPublisher[m[Kâ€™ was not declared in this scope; did you mean â€˜[01m[KMyPublisher2[m[Kâ€™?
[1.459s]    47 |   rclcpp::spin(std::make_shared<[01;31m[KMyPublisher[m[K>());
[1.459s]       |                                 [01;31m[K^~~~~~~~~~~[m[K
[1.459s]       |                                 [32m[KMyPublisher2[m[K
[1.459s] [01m[K/home/danscarryus/InternRos2/MagangBayu24-ROS2/tugas2/src/pubs_and_subs/src/publisher-2.cpp:47:46:[m[K [01;31m[Kerror: [m[Kno matching function for call to â€˜[01m[Kmake_shared<<expression error> >()[m[Kâ€™
[1.459s]    47 |   rclcpp::spin(std::make_shared<MyPublisher>([01;31m[K)[m[K);
[1.459s]       |                                              [01;31m[K^[m[K
[1.460s] In file included from [01m[K/usr/include/c++/9/memory:81[m[K,
[1.460s]                  from [01m[K/home/danscarryus/InternRos2/MagangBayu24-ROS2/tugas2/src/pubs_and_subs/src/publisher-2.cpp:2[m[K:
[1.460s] [01m[K/usr/include/c++/9/bits/shared_ptr.h:714:5:[m[K [01;36m[Knote: [m[Kcandidate: â€˜[01m[Ktemplate<class _Tp, class ... _Args> std::shared_ptr<_Tp> std::make_shared(_Args&& ...)[m[Kâ€™
[1.460s]   714 |     [01;36m[Kmake_shared[m[K(_Args&&... __args)
[1.460s]       |     [01;36m[K^~~~~~~~~~~[m[K
[1.461s] [01m[K/usr/include/c++/9/bits/shared_ptr.h:714:5:[m[K [01;36m[Knote: [m[K  template argument deduction/substitution failed:
[1.461s] [01m[K/home/danscarryus/InternRos2/MagangBayu24-ROS2/tugas2/src/pubs_and_subs/src/publisher-2.cpp:47:46:[m[K [01;31m[Kerror: [m[Ktemplate argument 1 is invalid
[1.461s]    47 |   rclcpp::spin(std::make_shared<MyPublisher>([01;31m[K)[m[K);
[1.461s]       |                                              [01;31m[K^[m[K
[2.647s] make[2]: *** [CMakeFiles/talker1.dir/build.make:63: CMakeFiles/talker1.dir/src/publisher-1.cpp.o] Error 1
[2.648s] make[2]: *** [CMakeFiles/talker2.dir/build.make:63: CMakeFiles/talker2.dir/src/publisher-2.cpp.o] Error 1
[2.648s] make[1]: *** [CMakeFiles/Makefile2:136: CMakeFiles/talker1.dir/all] Error 2
[2.648s] make[1]: *** Waiting for unfinished jobs....
[2.648s] make[1]: *** [CMakeFiles/Makefile2:109: CMakeFiles/talker2.dir/all] Error 2
[2.648s] make: *** [Makefile:141: all] Error 2
[2.662s] Invoked command in '/home/danscarryus/InternRos2/MagangBayu24-ROS2/tugas2/build/pubs_and_subs' returned '2': CMAKE_PREFIX_PATH=${CMAKE_PREFIX_PATH}:/opt/ros/foxy /usr/bin/cmake --build /home/danscarryus/InternRos2/MagangBayu24-ROS2/tugas2/build/pubs_and_subs -- -j4 -l4
