[0.000000] (-) TimerEvent: {}
[0.000534] (pubs_and_subs) JobQueued: {'identifier': 'pubs_and_subs', 'dependencies': OrderedDict()}
[0.000559] (pubs_and_subs) JobStarted: {'identifier': 'pubs_and_subs'}
[0.077543] (pubs_and_subs) JobProgress: {'identifier': 'pubs_and_subs', 'progress': 'cmake'}
[0.078075] (pubs_and_subs) JobProgress: {'identifier': 'pubs_and_subs', 'progress': 'build'}
[0.078609] (pubs_and_subs) Command: {'cmd': ['/usr/bin/cmake', '--build', '/home/danscarryus/InternRos2/MagangBayu24-ROS2/tugas2/build/pubs_and_subs', '--', '-j4', '-l4'], 'cwd': '/home/danscarryus/InternRos2/MagangBayu24-ROS2/tugas2/build/pubs_and_subs', 'env': OrderedDict([('GJS_DEBUG_TOPICS', 'JS ERROR;JS LOG'), ('LESSOPEN', '| /usr/bin/lesspipe %s'), ('USER', 'danscarryus'), ('SSH_AGENT_PID', '1877'), ('XDG_SESSION_TYPE', 'x11'), ('SHLVL', '1'), ('LD_LIBRARY_PATH', '/opt/ros/foxy/opt/yaml_cpp_vendor/lib:/opt/ros/foxy/opt/rviz_ogre_vendor/lib:/opt/ros/foxy/lib/aarch64-linux-gnu:/opt/ros/foxy/lib'), ('HOME', '/home/danscarryus'), ('OLDPWD', '/home/danscarryus'), ('DESKTOP_SESSION', 'ubuntu'), ('ROS_PYTHON_VERSION', '3'), ('GNOME_SHELL_SESSION_MODE', 'ubuntu'), ('GTK_MODULES', 'gail:atk-bridge'), ('MANAGERPID', '1689'), ('DBUS_SESSION_BUS_ADDRESS', 'unix:path=/run/user/1000/bus'), ('COLORTERM', 'truecolor'), ('IM_CONFIG_PHASE', '1'), ('COLCON_PREFIX_PATH', '/home/danscarryus/InternRos2/MagangBayu24-ROS2/tugas2/install'), ('ROS_DISTRO', 'foxy'), ('LOGNAME', 'danscarryus'), ('JOURNAL_STREAM', '9:42514'), ('_', '/usr/bin/colcon'), ('ROS_VERSION', '2'), ('XDG_SESSION_CLASS', 'user'), ('USERNAME', 'danscarryus'), ('TERM', 'xterm-256color'), ('GNOME_DESKTOP_SESSION_ID', 'this-is-deprecated'), ('ROS_LOCALHOST_ONLY', '0'), ('WINDOWPATH', '2'), ('PATH', '/opt/ros/foxy/bin:/usr/local/sbin:/usr/local/bin:/usr/sbin:/usr/bin:/sbin:/bin:/usr/games:/usr/local/games:/snap/bin'), ('SESSION_MANAGER', 'local/ubuntuonm2:@/tmp/.ICE-unix/1931,unix/ubuntuonm2:/tmp/.ICE-unix/1931'), ('INVOCATION_ID', 'e1e6829060524177b02252a71b681b5b'), ('XDG_MENU_PREFIX', 'gnome-'), ('GNOME_TERMINAL_SCREEN', '/org/gnome/Terminal/screen/02610ead_c93a_4e11_abc7_604c5fa7fd93'), ('XDG_RUNTIME_DIR', '/run/user/1000'), ('DISPLAY', ':0'), ('LANG', 'en_US.UTF-8'), ('XDG_CURRENT_DESKTOP', 'ubuntu:GNOME'), ('XMODIFIERS', '@im=ibus'), ('XDG_SESSION_DESKTOP', 'ubuntu'), ('XAUTHORITY', '/run/user/1000/gdm/Xauthority'), ('LS_COLORS', 'rs=0:di=01;34:ln=01;36:mh=00:pi=40;33:so=01;35:do=01;35:bd=40;33;01:cd=40;33;01:or=40;31;01:mi=00:su=37;41:sg=30;43:ca=30;41:tw=30;42:ow=34;42:st=37;44:ex=01;32:*.tar=01;31:*.tgz=01;31:*.arc=01;31:*.arj=01;31:*.taz=01;31:*.lha=01;31:*.lz4=01;31:*.lzh=01;31:*.lzma=01;31:*.tlz=01;31:*.txz=01;31:*.tzo=01;31:*.t7z=01;31:*.zip=01;31:*.z=01;31:*.dz=01;31:*.gz=01;31:*.lrz=01;31:*.lz=01;31:*.lzo=01;31:*.xz=01;31:*.zst=01;31:*.tzst=01;31:*.bz2=01;31:*.bz=01;31:*.tbz=01;31:*.tbz2=01;31:*.tz=01;31:*.deb=01;31:*.rpm=01;31:*.jar=01;31:*.war=01;31:*.ear=01;31:*.sar=01;31:*.rar=01;31:*.alz=01;31:*.ace=01;31:*.zoo=01;31:*.cpio=01;31:*.7z=01;31:*.rz=01;31:*.cab=01;31:*.wim=01;31:*.swm=01;31:*.dwm=01;31:*.esd=01;31:*.jpg=01;35:*.jpeg=01;35:*.mjpg=01;35:*.mjpeg=01;35:*.gif=01;35:*.bmp=01;35:*.pbm=01;35:*.pgm=01;35:*.ppm=01;35:*.tga=01;35:*.xbm=01;35:*.xpm=01;35:*.tif=01;35:*.tiff=01;35:*.png=01;35:*.svg=01;35:*.svgz=01;35:*.mng=01;35:*.pcx=01;35:*.mov=01;35:*.mpg=01;35:*.mpeg=01;35:*.m2v=01;35:*.mkv=01;35:*.webm=01;35:*.ogm=01;35:*.mp4=01;35:*.m4v=01;35:*.mp4v=01;35:*.vob=01;35:*.qt=01;35:*.nuv=01;35:*.wmv=01;35:*.asf=01;35:*.rm=01;35:*.rmvb=01;35:*.flc=01;35:*.avi=01;35:*.fli=01;35:*.flv=01;35:*.gl=01;35:*.dl=01;35:*.xcf=01;35:*.xwd=01;35:*.yuv=01;35:*.cgm=01;35:*.emf=01;35:*.ogv=01;35:*.ogx=01;35:*.aac=00;36:*.au=00;36:*.flac=00;36:*.m4a=00;36:*.mid=00;36:*.midi=00;36:*.mka=00;36:*.mp3=00;36:*.mpc=00;36:*.ogg=00;36:*.ra=00;36:*.wav=00;36:*.oga=00;36:*.opus=00;36:*.spx=00;36:*.xspf=00;36:'), ('GNOME_TERMINAL_SERVICE', ':1.724'), ('SSH_AUTH_SOCK', '/run/user/1000/keyring/ssh'), ('AMENT_PREFIX_PATH', '/home/danscarryus/InternRos2/MagangBayu24-ROS2/tugas2/install/pubs_and_subs:/opt/ros/foxy'), ('SHELL', '/bin/bash'), ('QT_ACCESSIBILITY', '1'), ('GDMSESSION', 'ubuntu'), ('LESSCLOSE', '/usr/bin/lesspipe %s %s'), ('GPG_AGENT_INFO', '/run/user/1000/gnupg/S.gpg-agent:0:1'), ('GJS_DEBUG_OUTPUT', 'stderr'), ('QT_IM_MODULE', 'ibus'), ('PWD', '/home/danscarryus/InternRos2/MagangBayu24-ROS2/tugas2/build/pubs_and_subs'), ('LC_ALL', 'en_US.UTF-8'), ('XDG_CONFIG_DIRS', '/etc/xdg/xdg-ubuntu:/etc/xdg'), ('XDG_DATA_DIRS', '/usr/share/ubuntu:/usr/local/share/:/usr/share/:/var/lib/snapd/desktop'), ('PYTHONPATH', '/opt/ros/foxy/lib/python3.8/site-packages'), ('COLCON', '1'), ('VTE_VERSION', '6003'), ('CMAKE_PREFIX_PATH', '/home/danscarryus/InternRos2/MagangBayu24-ROS2/tugas2/install/pubs_and_subs:/opt/ros/foxy')]), 'shell': False}
[0.099903] (-) TimerEvent: {}
[0.118527] (pubs_and_subs) StdoutLine: {'line': b'\x1b[35m\x1b[1mScanning dependencies of target talker1\x1b[0m\n'}
[0.118932] (pubs_and_subs) StdoutLine: {'line': b'\x1b[35m\x1b[1mScanning dependencies of target talker2\x1b[0m\n'}
[0.144082] (pubs_and_subs) StdoutLine: {'line': b'[ 33%] Built target listener\n'}
[0.148380] (pubs_and_subs) StdoutLine: {'line': b'[ 50%] \x1b[32mBuilding CXX object CMakeFiles/talker2.dir/src/publisher-2.cpp.o\x1b[0m\n'}
[0.150216] (pubs_and_subs) StdoutLine: {'line': b'[ 66%] \x1b[32mBuilding CXX object CMakeFiles/talker1.dir/src/publisher-1.cpp.o\x1b[0m\n'}
[0.200241] (-) TimerEvent: {}
[0.300968] (-) TimerEvent: {}
[0.401546] (-) TimerEvent: {}
[0.502294] (-) TimerEvent: {}
[0.602889] (-) TimerEvent: {}
[0.703653] (-) TimerEvent: {}
[0.804302] (-) TimerEvent: {}
[0.906029] (-) TimerEvent: {}
[1.006444] (-) TimerEvent: {}
[1.106796] (-) TimerEvent: {}
[1.207255] (-) TimerEvent: {}
[1.229675] (pubs_and_subs) StderrLine: {'line': b'\x1b[01m\x1b[K/home/danscarryus/InternRos2/MagangBayu24-ROS2/tugas2/src/pubs_and_subs/src/publisher-2.cpp:\x1b[m\x1b[K In constructor \xe2\x80\x98\x1b[01m\x1b[KMyPublisher2::MyPublisher2()\x1b[m\x1b[K\xe2\x80\x99:\n'}
[1.230604] (pubs_and_subs) StderrLine: {'line': b'\x1b[01m\x1b[K/home/danscarryus/InternRos2/MagangBayu24-ROS2/tugas2/src/pubs_and_subs/src/publisher-2.cpp:40:59:\x1b[m\x1b[K \x1b[01;31m\x1b[Kerror: \x1b[m\x1b[K\xe2\x80\x98\x1b[01m\x1b[KMyPublisher\x1b[m\x1b[K\xe2\x80\x99 has not been declared\n'}
[1.230733] (pubs_and_subs) StderrLine: {'line': b'   40 |     timer_ = this->create_wall_timer(interval, std::bind(&\x1b[01;31m\x1b[KMyPublisher\x1b[m\x1b[K::timer_callback, this));\n'}
[1.230822] (pubs_and_subs) StderrLine: {'line': b'      |                                                           \x1b[01;31m\x1b[K^~~~~~~~~~~\x1b[m\x1b[K\n'}
[1.231489] (pubs_and_subs) StderrLine: {'line': b'\x1b[01m\x1b[K/home/danscarryus/InternRos2/MagangBayu24-ROS2/tugas2/src/pubs_and_subs/src/publisher-1.cpp:\x1b[m\x1b[K In constructor \xe2\x80\x98\x1b[01m\x1b[KMyPublisher1::MyPublisher1()\x1b[m\x1b[K\xe2\x80\x99:\n'}
[1.231578] (pubs_and_subs) StderrLine: {'line': b'\x1b[01m\x1b[K/home/danscarryus/InternRos2/MagangBayu24-ROS2/tugas2/src/pubs_and_subs/src/publisher-1.cpp:40:59:\x1b[m\x1b[K \x1b[01;31m\x1b[Kerror: \x1b[m\x1b[K\xe2\x80\x98\x1b[01m\x1b[KMyPublisher\x1b[m\x1b[K\xe2\x80\x99 has not been declared\n'}
[1.231665] (pubs_and_subs) StderrLine: {'line': b'   40 |     timer_ = this->create_wall_timer(interval, std::bind(&\x1b[01;31m\x1b[KMyPublisher\x1b[m\x1b[K::timer_callback, this));\n'}
[1.231748] (pubs_and_subs) StderrLine: {'line': b'      |                                                           \x1b[01;31m\x1b[K^~~~~~~~~~~\x1b[m\x1b[K\n'}
[1.232531] (pubs_and_subs) StderrLine: {'line': b'\x1b[01m\x1b[K/home/danscarryus/InternRos2/MagangBayu24-ROS2/tugas2/src/pubs_and_subs/src/publisher-2.cpp:\x1b[m\x1b[K In function \xe2\x80\x98\x1b[01m\x1b[Kint main(int, char**)\x1b[m\x1b[K\xe2\x80\x99:\n'}
[1.232634] (pubs_and_subs) StderrLine: {'line': b'\x1b[01m\x1b[K/home/danscarryus/InternRos2/MagangBayu24-ROS2/tugas2/src/pubs_and_subs/src/publisher-2.cpp:47:33:\x1b[m\x1b[K \x1b[01;31m\x1b[Kerror: \x1b[m\x1b[K\xe2\x80\x98\x1b[01m\x1b[KMyPublisher\x1b[m\x1b[K\xe2\x80\x99 was not declared in this scope; did you mean \xe2\x80\x98\x1b[01m\x1b[KMyPublisher2\x1b[m\x1b[K\xe2\x80\x99?\n'}
[1.232698] (pubs_and_subs) StderrLine: {'line': b'   47 |   rclcpp::spin(std::make_shared<\x1b[01;31m\x1b[KMyPublisher\x1b[m\x1b[K>());\n'}
[1.232749] (pubs_and_subs) StderrLine: {'line': b'      |                                 \x1b[01;31m\x1b[K^~~~~~~~~~~\x1b[m\x1b[K\n'}
[1.232789] (pubs_and_subs) StderrLine: {'line': b'      |                                 \x1b[32m\x1b[KMyPublisher2\x1b[m\x1b[K\n'}
[1.232844] (pubs_and_subs) StderrLine: {'line': b'\x1b[01m\x1b[K/home/danscarryus/InternRos2/MagangBayu24-ROS2/tugas2/src/pubs_and_subs/src/publisher-2.cpp:47:46:\x1b[m\x1b[K \x1b[01;31m\x1b[Kerror: \x1b[m\x1b[Kno matching function for call to \xe2\x80\x98\x1b[01m\x1b[Kmake_shared<<expression error> >()\x1b[m\x1b[K\xe2\x80\x99\n'}
[1.232893] (pubs_and_subs) StderrLine: {'line': b'   47 |   rclcpp::spin(std::make_shared<MyPublisher>(\x1b[01;31m\x1b[K)\x1b[m\x1b[K);\n'}
[1.232919] (pubs_and_subs) StderrLine: {'line': b'      |                                              \x1b[01;31m\x1b[K^\x1b[m\x1b[K\n'}
[1.232943] (pubs_and_subs) StderrLine: {'line': b'In file included from \x1b[01m\x1b[K/usr/include/c++/9/memory:81\x1b[m\x1b[K,\n'}
[1.233151] (pubs_and_subs) StderrLine: {'line': b'                 from \x1b[01m\x1b[K/home/danscarryus/InternRos2/MagangBayu24-ROS2/tugas2/src/pubs_and_subs/src/publisher-2.cpp:2\x1b[m\x1b[K:\n'}
[1.233197] (pubs_and_subs) StderrLine: {'line': b'\x1b[01m\x1b[K/usr/include/c++/9/bits/shared_ptr.h:714:5:\x1b[m\x1b[K \x1b[01;36m\x1b[Knote: \x1b[m\x1b[Kcandidate: \xe2\x80\x98\x1b[01m\x1b[Ktemplate<class _Tp, class ... _Args> std::shared_ptr<_Tp> std::make_shared(_Args&& ...)\x1b[m\x1b[K\xe2\x80\x99\n'}
[1.233238] (pubs_and_subs) StderrLine: {'line': b'  714 |     \x1b[01;36m\x1b[Kmake_shared\x1b[m\x1b[K(_Args&&... __args)\n'}
[1.233291] (pubs_and_subs) StderrLine: {'line': b'      |     \x1b[01;36m\x1b[K^~~~~~~~~~~\x1b[m\x1b[K\n'}
[1.233349] (pubs_and_subs) StderrLine: {'line': b'\x1b[01m\x1b[K/usr/include/c++/9/bits/shared_ptr.h:714:5:\x1b[m\x1b[K \x1b[01;36m\x1b[Knote: \x1b[m\x1b[K  template argument deduction/substitution failed:\n'}
[1.233407] (pubs_and_subs) StderrLine: {'line': b'\x1b[01m\x1b[K/home/danscarryus/InternRos2/MagangBayu24-ROS2/tugas2/src/pubs_and_subs/src/publisher-2.cpp:47:46:\x1b[m\x1b[K \x1b[01;31m\x1b[Kerror: \x1b[m\x1b[Ktemplate argument 1 is invalid\n'}
[1.233461] (pubs_and_subs) StderrLine: {'line': b'   47 |   rclcpp::spin(std::make_shared<MyPublisher>(\x1b[01;31m\x1b[K)\x1b[m\x1b[K);\n'}
[1.233511] (pubs_and_subs) StderrLine: {'line': b'      |                                              \x1b[01;31m\x1b[K^\x1b[m\x1b[K\n'}
[1.233584] (pubs_and_subs) StderrLine: {'line': b'\x1b[01m\x1b[K/home/danscarryus/InternRos2/MagangBayu24-ROS2/tugas2/src/pubs_and_subs/src/publisher-1.cpp:\x1b[m\x1b[K In function \xe2\x80\x98\x1b[01m\x1b[Kint main(int, char**)\x1b[m\x1b[K\xe2\x80\x99:\n'}
[1.233652] (pubs_and_subs) StderrLine: {'line': b'\x1b[01m\x1b[K/home/danscarryus/InternRos2/MagangBayu24-ROS2/tugas2/src/pubs_and_subs/src/publisher-1.cpp:47:33:\x1b[m\x1b[K \x1b[01;31m\x1b[Kerror: \x1b[m\x1b[K\xe2\x80\x98\x1b[01m\x1b[KMyPublisher\x1b[m\x1b[K\xe2\x80\x99 was not declared in this scope; did you mean \xe2\x80\x98\x1b[01m\x1b[KMyPublisher1\x1b[m\x1b[K\xe2\x80\x99?\n'}
[1.233742] (pubs_and_subs) StderrLine: {'line': b'   47 |   rclcpp::spin(std::make_shared<\x1b[01;31m\x1b[KMyPublisher\x1b[m\x1b[K>());\n'}
[1.233784] (pubs_and_subs) StderrLine: {'line': b'      |                                 \x1b[01;31m\x1b[K^~~~~~~~~~~\x1b[m\x1b[K\n'}
[1.233826] (pubs_and_subs) StderrLine: {'line': b'      |                                 \x1b[32m\x1b[KMyPublisher1\x1b[m\x1b[K\n'}
[1.233876] (pubs_and_subs) StderrLine: {'line': b'\x1b[01m\x1b[K/home/danscarryus/InternRos2/MagangBayu24-ROS2/tugas2/src/pubs_and_subs/src/publisher-1.cpp:47:46:\x1b[m\x1b[K \x1b[01;31m\x1b[Kerror: \x1b[m\x1b[Kno matching function for call to \xe2\x80\x98\x1b[01m\x1b[Kmake_shared<<expression error> >()\x1b[m\x1b[K\xe2\x80\x99\n'}
[1.233937] (pubs_and_subs) StderrLine: {'line': b'   47 |   rclcpp::spin(std::make_shared<MyPublisher>(\x1b[01;31m\x1b[K)\x1b[m\x1b[K);\n'}
[1.233980] (pubs_and_subs) StderrLine: {'line': b'      |                                              \x1b[01;31m\x1b[K^\x1b[m\x1b[K\n'}
[1.235492] (pubs_and_subs) StderrLine: {'line': b'In file included from \x1b[01m\x1b[K/usr/include/c++/9/memory:81\x1b[m\x1b[K,\n'}
[1.235584] (pubs_and_subs) StderrLine: {'line': b'                 from \x1b[01m\x1b[K/home/danscarryus/InternRos2/MagangBayu24-ROS2/tugas2/src/pubs_and_subs/src/publisher-1.cpp:2\x1b[m\x1b[K:\n'}
[1.235619] (pubs_and_subs) StderrLine: {'line': b'\x1b[01m\x1b[K/usr/include/c++/9/bits/shared_ptr.h:714:5:\x1b[m\x1b[K \x1b[01;36m\x1b[Knote: \x1b[m\x1b[Kcandidate: \xe2\x80\x98\x1b[01m\x1b[Ktemplate<class _Tp, class ... _Args> std::shared_ptr<_Tp> std::make_shared(_Args&& ...)\x1b[m\x1b[K\xe2\x80\x99\n'}
[1.235677] (pubs_and_subs) StderrLine: {'line': b'  714 |     \x1b[01;36m\x1b[Kmake_shared\x1b[m\x1b[K(_Args&&... __args)\n'}
[1.235730] (pubs_and_subs) StderrLine: {'line': b'      |     \x1b[01;36m\x1b[K^~~~~~~~~~~\x1b[m\x1b[K\n'}
[1.235790] (pubs_and_subs) StderrLine: {'line': b'\x1b[01m\x1b[K/usr/include/c++/9/bits/shared_ptr.h:714:5:\x1b[m\x1b[K \x1b[01;36m\x1b[Knote: \x1b[m\x1b[K  template argument deduction/substitution failed:\n'}
[1.235863] (pubs_and_subs) StderrLine: {'line': b'\x1b[01m\x1b[K/home/danscarryus/InternRos2/MagangBayu24-ROS2/tugas2/src/pubs_and_subs/src/publisher-1.cpp:47:46:\x1b[m\x1b[K \x1b[01;31m\x1b[Kerror: \x1b[m\x1b[Ktemplate argument 1 is invalid\n'}
[1.235922] (pubs_and_subs) StderrLine: {'line': b'   47 |   rclcpp::spin(std::make_shared<MyPublisher>(\x1b[01;31m\x1b[K)\x1b[m\x1b[K);\n'}
[1.235966] (pubs_and_subs) StderrLine: {'line': b'      |                                              \x1b[01;31m\x1b[K^\x1b[m\x1b[K\n'}
[1.311039] (-) TimerEvent: {}
[1.411504] (-) TimerEvent: {}
[1.512673] (-) TimerEvent: {}
[1.613026] (-) TimerEvent: {}
[1.716228] (-) TimerEvent: {}
[1.777424] (pubs_and_subs) StderrLine: {'line': b'make[2]: *** [CMakeFiles/talker2.dir/build.make:63: CMakeFiles/talker2.dir/src/publisher-2.cpp.o] Error 1\n'}
[1.777927] (pubs_and_subs) StderrLine: {'line': b'make[1]: *** [CMakeFiles/Makefile2:109: CMakeFiles/talker2.dir/all] Error 2\n'}
[1.777978] (pubs_and_subs) StderrLine: {'line': b'make[1]: *** Waiting for unfinished jobs....\n'}
[1.783063] (pubs_and_subs) StderrLine: {'line': b'make[2]: *** [CMakeFiles/talker1.dir/build.make:63: CMakeFiles/talker1.dir/src/publisher-1.cpp.o] Error 1\n'}
[1.783396] (pubs_and_subs) StderrLine: {'line': b'make[1]: *** [CMakeFiles/Makefile2:136: CMakeFiles/talker1.dir/all] Error 2\n'}
[1.783848] (pubs_and_subs) StderrLine: {'line': b'make: *** [Makefile:141: all] Error 2\n'}
[1.791069] (pubs_and_subs) CommandEnded: {'returncode': 2}
[1.816409] (-) TimerEvent: {}
[1.910986] (pubs_and_subs) JobEnded: {'identifier': 'pubs_and_subs', 'rc': 2}
[1.916411] (-) TimerEvent: {}
[1.921480] (-) EventReactorShutdown: {}
