[0.079s] Invoking command in '/home/danscarryus/InternRos2/MagangBayu24-ROS2/tugas2/build/pubs_and_subs': CMAKE_PREFIX_PATH=${CMAKE_PREFIX_PATH}:/opt/ros/foxy /usr/bin/cmake --build /home/danscarryus/InternRos2/MagangBayu24-ROS2/tugas2/build/pubs_and_subs -- -j4 -l4
[0.342s] [35m[1mScanning dependencies of target talker2[0m
[0.418s] [ 66%] Built target listener
[0.420s] [ 66%] Built target talker1
[0.426s] [ 83%] [32mBuilding CXX object CMakeFiles/talker2.dir/src/publisher-2.cpp.o[0m
[1.528s] [01m[K/home/danscarryus/InternRos2/MagangBayu24-ROS2/tugas2/src/pubs_and_subs/src/publisher-2.cpp:[m[K In function â€˜[01m[Kint main(int, char**)[m[Kâ€™:
[1.529s] [01m[K/home/danscarryus/InternRos2/MagangBayu24-ROS2/tugas2/src/pubs_and_subs/src/publisher-2.cpp:47:15:[m[K [01;31m[Kerror: [m[Kfound â€˜[01m[K:[m[Kâ€™ in nested-name-specifier, expected â€˜[01m[K::[m[Kâ€™
[1.529s]    47 |   rclcpp::spin[01;31m[K:[m[Kstd::make_shared<MyPublisher>();
[1.529s]       |               [01;31m[K^[m[K
[1.529s]       |               [32m[K::[m[K
[1.529s] [01m[K/home/danscarryus/InternRos2/MagangBayu24-ROS2/tugas2/src/pubs_and_subs/src/publisher-2.cpp:47:11:[m[K [01;31m[Kerror: [m[Kâ€˜[01m[Krclcpp::spin[m[Kâ€™ is not a class, namespace, or enumeration
[1.529s]    47 |   rclcpp::[01;31m[Kspin[m[K:std::make_shared<MyPublisher>();
[1.529s]       |           [01;31m[K^~~~[m[K
[1.529s] [01m[K/home/danscarryus/InternRos2/MagangBayu24-ROS2/tugas2/src/pubs_and_subs/src/publisher-2.cpp:47:44:[m[K [01;31m[Kerror: [m[Kexpected primary-expression before â€˜[01m[K>[m[Kâ€™ token
[1.529s]    47 |   rclcpp::spin:std::make_shared<MyPublisher[01;31m[K>[m[K();
[1.529s]       |                                            [01;31m[K^[m[K
[1.529s] [01m[K/home/danscarryus/InternRos2/MagangBayu24-ROS2/tugas2/src/pubs_and_subs/src/publisher-2.cpp:47:46:[m[K [01;31m[Kerror: [m[Kexpected primary-expression before â€˜[01m[K)[m[Kâ€™ token
[1.529s]    47 |   rclcpp::spin:std::make_shared<MyPublisher>([01;31m[K)[m[K;
[1.529s]       |                                              [01;31m[K^[m[K
[2.063s] make[2]: *** [CMakeFiles/talker2.dir/build.make:63: CMakeFiles/talker2.dir/src/publisher-2.cpp.o] Error 1
[2.064s] make[1]: *** [CMakeFiles/Makefile2:109: CMakeFiles/talker2.dir/all] Error 2
[2.064s] make: *** [Makefile:141: all] Error 2
[2.072s] Invoked command in '/home/danscarryus/InternRos2/MagangBayu24-ROS2/tugas2/build/pubs_and_subs' returned '2': CMAKE_PREFIX_PATH=${CMAKE_PREFIX_PATH}:/opt/ros/foxy /usr/bin/cmake --build /home/danscarryus/InternRos2/MagangBayu24-ROS2/tugas2/build/pubs_and_subs -- -j4 -l4
